[1] "Loading expression data..."
[1] "Done!"
[1] "Performing exact test"
[1] "Top tags for exact test between control diet and pollen"
Comparison of groups:  P-H 
                         logFC   logCPM       PValue        FDR
transcript-60_11388   2.782983 4.036671 2.244181e-06 0.05292453
transcript-60_4983   -8.516320 5.864838 5.644300e-05 0.29630199
transcript-60_11387   2.219161 3.531214 5.891538e-05 0.29630199
transcript-60_15159 -10.794619 4.724740 5.956501e-05 0.29630199
transcript-60_9276   -2.652226 4.207357 7.211735e-05 0.29630199
transcript-60_4688   -9.668115 3.672485 8.434862e-05 0.29630199
transcript-60_23032   2.562730 2.856872 9.645697e-05 0.29630199
transcript-60_636     1.738633 4.206394 1.057329e-04 0.29630199
transcript-60_13577  -9.501919 3.561052 1.160763e-04 0.29630199
transcript-60_1649   -9.804083 3.809112 1.348997e-04 0.29630199
[1] "Fitting a GLM"
[1] "(Intercept)" "groupsF"     "groupsH"     "groupsP"     "groupsU"    
[1] "Top tags for GLM between all groups"
Coefficient:  groupsF groupsH groupsP groupsU 
                    logFC.groupsF logFC.groupsH logFC.groupsP logFC.groupsU
transcript-60_8577      3.5280849    0.02339675    -1.5799869    -2.3610074
transcript-60_17056    -2.0667976   -2.85789391    -2.9496812    -4.6209420
transcript-60_4983      1.7419673   11.36949518     2.8157840    -1.0538538
transcript-60_12616    -2.5218124   -2.69533641    -1.8796693    -3.2262791
transcript-60_15159     0.0000000   11.24937699     0.0000000     0.0000000
transcript-60_9556     -1.7900744   -3.56660108    -2.7797419    -4.2280565
transcript-60_12381    -3.6898788   -1.88778546    -1.5034244    -1.7285964
transcript-60_21015     3.1391242    0.82085766     1.1344134    -0.3354386
transcript-60_15173     3.0977207    0.81508296     0.3566529    -1.3581106
transcript-60_269      -0.1364974   -0.27961892     0.3598554     5.6143996
                       logCPM        LR       PValue          FDR
transcript-60_8577   7.279142 107.62572 2.334822e-22 5.506212e-18
transcript-60_17056  3.473942  80.64582 1.271081e-16 1.498795e-12
transcript-60_4983   5.864838  75.63205 1.464601e-15 1.151323e-11
transcript-60_12616  4.902881  74.95600 2.035747e-15 1.200225e-11
transcript-60_15159  4.724740  68.78931 4.088173e-14 1.928228e-10
transcript-60_9556   7.285396  67.29910 8.431096e-14 3.313842e-10
transcript-60_12381  4.432964  65.20429 2.330427e-13 7.134482e-10
transcript-60_21015  4.525520  65.12636 2.420212e-13 7.134482e-10
transcript-60_15173  5.123950  63.83193 4.533965e-13 1.188050e-09
transcript-60_269   10.749271  63.20819 6.134615e-13 1.446726e-09
